[2023-05-01 11:04:02,689] multiqc                                            [DEBUG  ]  This is MultiQC v1.15.dev0
[2023-05-01 11:04:02,689] multiqc                                            [DEBUG  ]  Command used: /Users/ingvaras/mambaforge/envs/snakemake/bin/multiqc results/fastqc_trimmed/Collibri_standard_protocol-HBR-Collibri-100_ng-2_S1_L001_R1_001_fastqc.zip results/fastqc_trimmed/Collibri_standard_protocol-HBR-Collibri-100_ng-2_S1_L001_R2_001_fastqc.zip results/fastqc_trimmed/Collibri_standard_protocol-HBR-Collibri-100_ng-3_S2_L001_R1_001_fastqc.zip results/fastqc_trimmed/Collibri_standard_protocol-HBR-Collibri-100_ng-3_S2_L001_R2_001_fastqc.zip results/fastqc_trimmed/Collibri_standard_protocol-UHRR-Collibri-100_ng-2_S3_L001_R1_001_fastqc.zip results/fastqc_trimmed/Collibri_standard_protocol-UHRR-Collibri-100_ng-2_S3_L001_R2_001_fastqc.zip results/fastqc_trimmed/Collibri_standard_protocol-UHRR-Collibri-100_ng-3_S4_L001_R1_001_fastqc.zip results/fastqc_trimmed/Collibri_standard_protocol-UHRR-Collibri-100_ng-3_S4_L001_R2_001_fastqc.zip results/fastqc_trimmed/KAPA_mRNA_HyperPrep_-HBR-KAPA-100_ng_total_RNA-2_S5_L001_R1_001_fastqc.zip results/fastqc_trimmed/KAPA_mRNA_HyperPrep_-HBR-KAPA-100_ng_total_RNA-2_S5_L001_R2_001_fastqc.zip results/fastqc_trimmed/KAPA_mRNA_HyperPrep_-HBR-KAPA-100_ng_total_RNA-3_S6_L001_R1_001_fastqc.zip results/fastqc_trimmed/KAPA_mRNA_HyperPrep_-HBR-KAPA-100_ng_total_RNA-3_S6_L001_R2_001_fastqc.zip results/fastqc_trimmed/KAPA_mRNA_HyperPrep_-UHRR-KAPA-100_ng_total_RNA-2_S7_L001_R1_001_fastqc.zip results/fastqc_trimmed/KAPA_mRNA_HyperPrep_-UHRR-KAPA-100_ng_total_RNA-2_S7_L001_R2_001_fastqc.zip results/fastqc_trimmed/KAPA_mRNA_HyperPrep_-UHRR-KAPA-100_ng_total_RNA-3_S8_L001_R1_001_fastqc.zip results/fastqc_trimmed/KAPA_mRNA_HyperPrep_-UHRR-KAPA-100_ng_total_RNA-3_S8_L001_R2_001_fastqc.zip -o results/multiqc --filename multiqc_trimmed_report.html
[2023-05-01 11:04:03,320] multiqc                                            [DEBUG  ]  Latest MultiQC version is v1.14
[2023-05-01 11:04:03,320] multiqc                                            [DEBUG  ]  Working dir : /Users/ingvaras/Documents/snakemake-assignment
[2023-05-01 11:04:03,321] multiqc                                            [DEBUG  ]  Template    : default
[2023-05-01 11:04:03,321] multiqc                                            [DEBUG  ]  Running Python 3.11.3 | packaged by conda-forge | (main, Apr  6 2023, 08:58:31) [Clang 14.0.6 ]
[2023-05-01 11:04:03,321] multiqc                                            [DEBUG  ]  Analysing modules: custom_content, ccs, ngsderive, purple, conpair, lima, peddy, somalier, methylQA, mosdepth, phantompeakqualtools, qualimap, preseq, hifiasm, quast, qorts, rna_seqc, rockhopper, rsem, rseqc, busco, bustools, goleft_indexcov, gffcompare, disambiguate, supernova, deeptools, sargasso, verifybamid, mirtrace, happy, mirtop, sambamba, gopeaks, homer, hops, macs2, theta2, snpeff, gatk, htseq, bcftools, featureCounts, fgbio, dragen, dragen_fastqc, dedup, pbmarkdup, damageprofiler, biobambam2, jcvi, mtnucratio, picard, vep, sentieon, prokka, qc3C, nanostat, samblaster, samtools, sexdeterrmine, eigenstratdatabasetools, bamtools, jellyfish, vcftools, longranger, stacks, varscan2, snippy, umitools, bbmap, bismark, biscuit, diamond, hicexplorer, hicup, hicpro, salmon, kallisto, slamdunk, star, hisat2, tophat, bowtie2, bowtie1, cellranger, snpsplit, odgi, pangolin, nextclade, humid, kat, leehom, adapterRemoval, bbduk, clipandmerge, cutadapt, flexbar, kaiju, kraken, malt, motus, trimmomatic, sickle, skewer, sortmerna, biobloomtools, fastq_screen, afterqc, fastp, fastqc, filtlong, prinseqplusplus, pychopper, porechop, pycoqc, minionqc, anglerfish, multivcfanalyzer, clusterflow, checkqc, bcl2fastq, bclconvert, interop, ivar, flash, seqyclean, optitype, whatshap
[2023-05-01 11:04:03,322] multiqc                                            [DEBUG  ]  Using temporary directory for creating report: /var/folders/rs/vk_v2r3d4kbfwt0xkkpd_z0h0000gn/T/tmpddkzv3cl
[2023-05-01 11:04:03,377] multiqc                                            [INFO   ]  Search path : /Users/ingvaras/Documents/snakemake-assignment/results/fastqc_trimmed/Collibri_standard_protocol-HBR-Collibri-100_ng-2_S1_L001_R1_001_fastqc.zip
[2023-05-01 11:04:03,378] multiqc                                            [INFO   ]  Search path : /Users/ingvaras/Documents/snakemake-assignment/results/fastqc_trimmed/Collibri_standard_protocol-HBR-Collibri-100_ng-2_S1_L001_R2_001_fastqc.zip
[2023-05-01 11:04:03,378] multiqc                                            [INFO   ]  Search path : /Users/ingvaras/Documents/snakemake-assignment/results/fastqc_trimmed/Collibri_standard_protocol-HBR-Collibri-100_ng-3_S2_L001_R1_001_fastqc.zip
[2023-05-01 11:04:03,378] multiqc                                            [INFO   ]  Search path : /Users/ingvaras/Documents/snakemake-assignment/results/fastqc_trimmed/Collibri_standard_protocol-HBR-Collibri-100_ng-3_S2_L001_R2_001_fastqc.zip
[2023-05-01 11:04:03,378] multiqc                                            [INFO   ]  Search path : /Users/ingvaras/Documents/snakemake-assignment/results/fastqc_trimmed/Collibri_standard_protocol-UHRR-Collibri-100_ng-2_S3_L001_R1_001_fastqc.zip
[2023-05-01 11:04:03,378] multiqc                                            [INFO   ]  Search path : /Users/ingvaras/Documents/snakemake-assignment/results/fastqc_trimmed/Collibri_standard_protocol-UHRR-Collibri-100_ng-2_S3_L001_R2_001_fastqc.zip
[2023-05-01 11:04:03,378] multiqc                                            [INFO   ]  Search path : /Users/ingvaras/Documents/snakemake-assignment/results/fastqc_trimmed/Collibri_standard_protocol-UHRR-Collibri-100_ng-3_S4_L001_R1_001_fastqc.zip
[2023-05-01 11:04:03,378] multiqc                                            [INFO   ]  Search path : /Users/ingvaras/Documents/snakemake-assignment/results/fastqc_trimmed/Collibri_standard_protocol-UHRR-Collibri-100_ng-3_S4_L001_R2_001_fastqc.zip
[2023-05-01 11:04:03,378] multiqc                                            [INFO   ]  Search path : /Users/ingvaras/Documents/snakemake-assignment/results/fastqc_trimmed/KAPA_mRNA_HyperPrep_-HBR-KAPA-100_ng_total_RNA-2_S5_L001_R1_001_fastqc.zip
[2023-05-01 11:04:03,378] multiqc                                            [INFO   ]  Search path : /Users/ingvaras/Documents/snakemake-assignment/results/fastqc_trimmed/KAPA_mRNA_HyperPrep_-HBR-KAPA-100_ng_total_RNA-2_S5_L001_R2_001_fastqc.zip
[2023-05-01 11:04:03,378] multiqc                                            [INFO   ]  Search path : /Users/ingvaras/Documents/snakemake-assignment/results/fastqc_trimmed/KAPA_mRNA_HyperPrep_-HBR-KAPA-100_ng_total_RNA-3_S6_L001_R1_001_fastqc.zip
[2023-05-01 11:04:03,378] multiqc                                            [INFO   ]  Search path : /Users/ingvaras/Documents/snakemake-assignment/results/fastqc_trimmed/KAPA_mRNA_HyperPrep_-HBR-KAPA-100_ng_total_RNA-3_S6_L001_R2_001_fastqc.zip
[2023-05-01 11:04:03,378] multiqc                                            [INFO   ]  Search path : /Users/ingvaras/Documents/snakemake-assignment/results/fastqc_trimmed/KAPA_mRNA_HyperPrep_-UHRR-KAPA-100_ng_total_RNA-2_S7_L001_R1_001_fastqc.zip
[2023-05-01 11:04:03,378] multiqc                                            [INFO   ]  Search path : /Users/ingvaras/Documents/snakemake-assignment/results/fastqc_trimmed/KAPA_mRNA_HyperPrep_-UHRR-KAPA-100_ng_total_RNA-2_S7_L001_R2_001_fastqc.zip
[2023-05-01 11:04:03,378] multiqc                                            [INFO   ]  Search path : /Users/ingvaras/Documents/snakemake-assignment/results/fastqc_trimmed/KAPA_mRNA_HyperPrep_-UHRR-KAPA-100_ng_total_RNA-3_S8_L001_R1_001_fastqc.zip
[2023-05-01 11:04:03,378] multiqc                                            [INFO   ]  Search path : /Users/ingvaras/Documents/snakemake-assignment/results/fastqc_trimmed/KAPA_mRNA_HyperPrep_-UHRR-KAPA-100_ng_total_RNA-3_S8_L001_R2_001_fastqc.zip
[2023-05-01 11:04:03,393] multiqc                                            [DEBUG  ]  Summary of files that were skipped by the search: []
[2023-05-01 11:04:03,588] multiqc.plots.bargraph                             [DEBUG  ]  Using matplotlib version 3.7.1
[2023-05-01 11:04:03,589] multiqc.plots.linegraph                            [DEBUG  ]  Using matplotlib version 3.7.1
[2023-05-01 11:04:03,589] multiqc                                            [DEBUG  ]  No samples found: custom_content
[2023-05-01 11:04:04,486] multiqc.modules.fastqc.fastqc                      [INFO   ]  Found 16 reports
[2023-05-01 11:04:04,549] multiqc                                            [INFO   ]  Compressing plot data
[2023-05-01 11:04:04,644] multiqc                                            [INFO   ]  Report      : results/multiqc/multiqc_trimmed_report.html
[2023-05-01 11:04:04,644] multiqc                                            [INFO   ]  Data        : results/multiqc/multiqc_trimmed_report_data
[2023-05-01 11:04:04,644] multiqc                                            [DEBUG  ]  Moving data file from '/var/folders/rs/vk_v2r3d4kbfwt0xkkpd_z0h0000gn/T/tmpddkzv3cl/multiqc_data' to 'results/multiqc/multiqc_trimmed_report_data'
[2023-05-01 11:04:04,686] multiqc                                            [INFO   ]  MultiQC complete
