                                 Started job on |	May 02 14:04:03
                             Started mapping on |	May 02 14:04:04
                                    Finished on |	May 02 14:04:10
       Mapping speed, Million of reads per hour |	89.42

                          Number of input reads |	149038
                      Average input read length |	280
                                    UNIQUE READS:
                   Uniquely mapped reads number |	44362
                        Uniquely mapped reads % |	29.77%
                          Average mapped length |	273.51
                       Number of splices: Total |	36854
            Number of splices: Annotated (sjdb) |	22711
                       Number of splices: GT/AG |	13841
                       Number of splices: GC/AG |	115
                       Number of splices: AT/AC |	42
               Number of splices: Non-canonical |	22856
                      Mismatch rate per base, % |	0.32%
                         Deletion rate per base |	0.02%
                        Deletion average length |	2.12
                        Insertion rate per base |	0.01%
                       Insertion average length |	1.41
                             MULTI-MAPPING READS:
        Number of reads mapped to multiple loci |	1451
             % of reads mapped to multiple loci |	0.97%
        Number of reads mapped to too many loci |	35
             % of reads mapped to too many loci |	0.02%
                                  UNMAPPED READS:
  Number of reads unmapped: too many mismatches |	0
       % of reads unmapped: too many mismatches |	0.00%
            Number of reads unmapped: too short |	103135
                 % of reads unmapped: too short |	69.20%
                Number of reads unmapped: other |	55
                     % of reads unmapped: other |	0.04%
                                  CHIMERIC READS:
                       Number of chimeric reads |	0
                            % of chimeric reads |	0.00%
