                                 Started job on |	May 02 14:03:56
                             Started mapping on |	May 02 14:03:56
                                    Finished on |	May 02 14:04:03
       Mapping speed, Million of reads per hour |	46.85

                          Number of input reads |	91101
                      Average input read length |	284
                                    UNIQUE READS:
                   Uniquely mapped reads number |	25629
                        Uniquely mapped reads % |	28.13%
                          Average mapped length |	277.81
                       Number of splices: Total |	22136
            Number of splices: Annotated (sjdb) |	14094
                       Number of splices: GT/AG |	7805
                       Number of splices: GC/AG |	78
                       Number of splices: AT/AC |	70
               Number of splices: Non-canonical |	14183
                      Mismatch rate per base, % |	0.32%
                         Deletion rate per base |	0.01%
                        Deletion average length |	1.60
                        Insertion rate per base |	0.01%
                       Insertion average length |	1.14
                             MULTI-MAPPING READS:
        Number of reads mapped to multiple loci |	707
             % of reads mapped to multiple loci |	0.78%
        Number of reads mapped to too many loci |	13
             % of reads mapped to too many loci |	0.01%
                                  UNMAPPED READS:
  Number of reads unmapped: too many mismatches |	0
       % of reads unmapped: too many mismatches |	0.00%
            Number of reads unmapped: too short |	64727
                 % of reads unmapped: too short |	71.05%
                Number of reads unmapped: other |	25
                     % of reads unmapped: other |	0.03%
                                  CHIMERIC READS:
                       Number of chimeric reads |	0
                            % of chimeric reads |	0.00%
