                                 Started job on |	May 02 14:03:49
                             Started mapping on |	May 02 14:03:49
                                    Finished on |	May 02 14:03:56
       Mapping speed, Million of reads per hour |	44.70

                          Number of input reads |	86909
                      Average input read length |	289
                                    UNIQUE READS:
                   Uniquely mapped reads number |	24337
                        Uniquely mapped reads % |	28.00%
                          Average mapped length |	284.09
                       Number of splices: Total |	22005
            Number of splices: Annotated (sjdb) |	13887
                       Number of splices: GT/AG |	7905
                       Number of splices: GC/AG |	68
                       Number of splices: AT/AC |	72
               Number of splices: Non-canonical |	13960
                      Mismatch rate per base, % |	0.33%
                         Deletion rate per base |	0.01%
                        Deletion average length |	1.64
                        Insertion rate per base |	0.01%
                       Insertion average length |	1.23
                             MULTI-MAPPING READS:
        Number of reads mapped to multiple loci |	667
             % of reads mapped to multiple loci |	0.77%
        Number of reads mapped to too many loci |	12
             % of reads mapped to too many loci |	0.01%
                                  UNMAPPED READS:
  Number of reads unmapped: too many mismatches |	0
       % of reads unmapped: too many mismatches |	0.00%
            Number of reads unmapped: too short |	61873
                 % of reads unmapped: too short |	71.19%
                Number of reads unmapped: other |	20
                     % of reads unmapped: other |	0.02%
                                  CHIMERIC READS:
                       Number of chimeric reads |	0
                            % of chimeric reads |	0.00%
