                                 Started job on |	May 02 14:04:10
                             Started mapping on |	May 02 14:04:11
                                    Finished on |	May 02 14:04:17
       Mapping speed, Million of reads per hour |	89.11

                          Number of input reads |	148524
                      Average input read length |	279
                                    UNIQUE READS:
                   Uniquely mapped reads number |	40025
                        Uniquely mapped reads % |	26.95%
                          Average mapped length |	272.07
                       Number of splices: Total |	33239
            Number of splices: Annotated (sjdb) |	20431
                       Number of splices: GT/AG |	12479
                       Number of splices: GC/AG |	113
                       Number of splices: AT/AC |	52
               Number of splices: Non-canonical |	20595
                      Mismatch rate per base, % |	0.33%
                         Deletion rate per base |	0.02%
                        Deletion average length |	2.05
                        Insertion rate per base |	0.01%
                       Insertion average length |	1.33
                             MULTI-MAPPING READS:
        Number of reads mapped to multiple loci |	1427
             % of reads mapped to multiple loci |	0.96%
        Number of reads mapped to too many loci |	40
             % of reads mapped to too many loci |	0.03%
                                  UNMAPPED READS:
  Number of reads unmapped: too many mismatches |	0
       % of reads unmapped: too many mismatches |	0.00%
            Number of reads unmapped: too short |	106977
                 % of reads unmapped: too short |	72.03%
                Number of reads unmapped: other |	55
                     % of reads unmapped: other |	0.04%
                                  CHIMERIC READS:
                       Number of chimeric reads |	0
                            % of chimeric reads |	0.00%
