STAR version=2.7.10b
STAR compilation time,server,dir= :/Users/distiller/project/STARcompile/source
STAR git: On branch master ; commit c6f8efc2c7043ef83bf8b0d9bed36bbb6b9b1133 ; diff files: 
##### Command Line:
STAR --genomeDir results/genome_index --readFilesIn results/data/samples/KAPA_mRNA_HyperPrep_-UHRR-KAPA-100_ng_total_RNA-2_S7_L001_R1_001.fastq results/data/samples/KAPA_mRNA_HyperPrep_-UHRR-KAPA-100_ng_total_RNA-2_S7_L001_R2_001.fastq --outFileNamePrefix results/aligned/KAPA_mRNA_HyperPrep_-UHRR-KAPA-100_ng_total_RNA-2_S7_L001.bam --outSAMtype BAM SortedByCoordinate --runThreadN 4
##### Initial USER parameters from Command Line:
outFileNamePrefix                 results/aligned/KAPA_mRNA_HyperPrep_-UHRR-KAPA-100_ng_total_RNA-2_S7_L001.bam
###### All USER parameters from Command Line:
genomeDir                     results/genome_index     ~RE-DEFINED
readFilesIn                   results/data/samples/KAPA_mRNA_HyperPrep_-UHRR-KAPA-100_ng_total_RNA-2_S7_L001_R1_001.fastq   results/data/samples/KAPA_mRNA_HyperPrep_-UHRR-KAPA-100_ng_total_RNA-2_S7_L001_R2_001.fastq        ~RE-DEFINED
outFileNamePrefix             results/aligned/KAPA_mRNA_HyperPrep_-UHRR-KAPA-100_ng_total_RNA-2_S7_L001.bam     ~RE-DEFINED
outSAMtype                    BAM   SortedByCoordinate        ~RE-DEFINED
runThreadN                    4     ~RE-DEFINED
##### Finished reading parameters from all sources

##### Final user re-defined parameters-----------------:
runThreadN                        4
genomeDir                         results/genome_index
readFilesIn                       results/data/samples/KAPA_mRNA_HyperPrep_-UHRR-KAPA-100_ng_total_RNA-2_S7_L001_R1_001.fastq   results/data/samples/KAPA_mRNA_HyperPrep_-UHRR-KAPA-100_ng_total_RNA-2_S7_L001_R2_001.fastq   
outFileNamePrefix                 results/aligned/KAPA_mRNA_HyperPrep_-UHRR-KAPA-100_ng_total_RNA-2_S7_L001.bam
outSAMtype                        BAM   SortedByCoordinate   

-------------------------------
##### Final effective command line:
STAR   --runThreadN 4   --genomeDir results/genome_index   --readFilesIn results/data/samples/KAPA_mRNA_HyperPrep_-UHRR-KAPA-100_ng_total_RNA-2_S7_L001_R1_001.fastq   results/data/samples/KAPA_mRNA_HyperPrep_-UHRR-KAPA-100_ng_total_RNA-2_S7_L001_R2_001.fastq      --outFileNamePrefix results/aligned/KAPA_mRNA_HyperPrep_-UHRR-KAPA-100_ng_total_RNA-2_S7_L001.bam   --outSAMtype BAM   SortedByCoordinate   
----------------------------------------

Number of fastq files for each mate = 1
ParametersSolo: --soloCellFilterType CellRanger2.2 filtering parameters:  3000 0.99 10
WARNING: --limitBAMsortRAM=0, will use genome size as RAM limit for BAM sorting
Finished loading and checking parameters
Reading genome generation parameters:
### STAR   --runMode genomeGenerate      --runThreadN 4   --genomeDir results/genome_index   --genomeFastaFiles data/chr19_20Mb.fa      --sjdbGTFfile data/chr19_20Mb.gtf
### GstrandBit=32
versionGenome                 2.7.4a     ~RE-DEFINED
genomeType                    Full     ~RE-DEFINED
genomeFastaFiles              data/chr19_20Mb.fa        ~RE-DEFINED
genomeSAindexNbases           14     ~RE-DEFINED
genomeChrBinNbits             18     ~RE-DEFINED
genomeSAsparseD               1     ~RE-DEFINED
genomeTransformType           None     ~RE-DEFINED
genomeTransformVCF            -     ~RE-DEFINED
sjdbOverhang                  100     ~RE-DEFINED
sjdbFileChrStartEnd           -        ~RE-DEFINED
sjdbGTFfile                   data/chr19_20Mb.gtf     ~RE-DEFINED
sjdbGTFchrPrefix              -     ~RE-DEFINED
sjdbGTFfeatureExon            exon     ~RE-DEFINED
sjdbGTFtagExonParentTranscripttranscript_id     ~RE-DEFINED
sjdbGTFtagExonParentGene      gene_id     ~RE-DEFINED
sjdbInsertSave                Basic     ~RE-DEFINED
genomeFileSizes               20385083   165321753        ~RE-DEFINED
Genome version is compatible with current STAR
Number of real (reference) chromosomes= 1
1	chr19	19999999	0
--sjdbOverhang = 100 taken from the generated genome
Started loading the genome: Tue May  2 14:04:32 2023

Genome: size given as a parameter = 20385083
SA: size given as a parameter = 165321753
SAindex: size given as a parameter = 1
Read from SAindex: pGe.gSAindexNbases=14  nSAi=357913940
nGenome=20385083;  nSAbyte=165321753
GstrandBit=32   SA number of indices=40078000
Shared memory is not used for genomes. Allocated a private copy of the genome.
Genome file size: 20385083 bytes; state: good=1 eof=0 fail=0 bad=0
Loading Genome ... done! state: good=1 eof=0 fail=0 bad=0; loaded 20385083 bytes
SA file size: 165321753 bytes; state: good=1 eof=0 fail=0 bad=0
Loading SA ... done! state: good=1 eof=0 fail=0 bad=0; loaded 165321753 bytes
Loading SAindex ... done: 1565873619 bytes
Finished loading the genome: Tue May  2 14:04:32 2023

Sum of all Genome bytes: 31626061
Sum of all SA bytes: 15931218307
Sum of all SAi bytes: 152709204604
Processing splice junctions database sjdbN=995,   pGe.sjdbOverhang=100 
alignIntronMax=alignMatesGapMax=0, the max intron size will be approximately determined by (2^winBinNbits)*winAnchorDistNbins=589824
Created thread # 1
Created thread # 2
Created thread # 3
Thread #3 end of input stream, nextChar=-1
BAM sorting: 17157 mapped reads
BAM sorting bins genomic start loci:
1	0	419027
2	0	572604
3	0	579555
4	0	580676
5	0	581482
6	0	582804
7	0	583058
8	0	583273
9	0	632852
10	0	736048
11	0	803937
12	0	805010
13	0	807895
14	0	810749
15	0	811592
16	0	812036
17	0	852979
18	0	880079
19	0	971978
20	0	991337
21	0	1020798
22	0	1036460
23	0	1038351
24	0	1062195
25	0	1085724
26	0	1104064
27	0	1105678
28	0	1106626
29	0	1207145
30	0	1244520
31	0	1258122
32	0	1271163
33	0	1275168
34	0	1377682
35	0	1411203
36	0	1425653
37	0	1434745
38	0	1438803
39	0	1440052
40	0	1440142
41	0	1440203
42	0	1440344
43	0	1486987
44	0	1578003
45	0	1610793
46	0	1650195
47	0	1883877
48	0	1980000
Completed: thread #3
Completed: thread #1
Completed: thread #0
Joined thread # 1
Completed: thread #2
Joined thread # 2
Joined thread # 3
May 02 14:04:39 ..... finished mapping
RAM after mapping:

RAM after freeing genome index memory:

May 02 14:04:39 ..... started sorting BAM
Max memory needed for sorting = 863907
ALL DONE!
