                                 Started job on |	May 02 14:04:17
                             Started mapping on |	May 02 14:04:18
                                    Finished on |	May 02 14:04:25
       Mapping speed, Million of reads per hour |	53.27

                          Number of input reads |	103576
                      Average input read length |	286
                                    UNIQUE READS:
                   Uniquely mapped reads number |	29039
                        Uniquely mapped reads % |	28.04%
                          Average mapped length |	279.17
                       Number of splices: Total |	27782
            Number of splices: Annotated (sjdb) |	14953
                       Number of splices: GT/AG |	12619
                       Number of splices: GC/AG |	81
                       Number of splices: AT/AC |	53
               Number of splices: Non-canonical |	15029
                      Mismatch rate per base, % |	0.41%
                         Deletion rate per base |	0.01%
                        Deletion average length |	1.66
                        Insertion rate per base |	0.01%
                       Insertion average length |	1.31
                             MULTI-MAPPING READS:
        Number of reads mapped to multiple loci |	762
             % of reads mapped to multiple loci |	0.74%
        Number of reads mapped to too many loci |	18
             % of reads mapped to too many loci |	0.02%
                                  UNMAPPED READS:
  Number of reads unmapped: too many mismatches |	0
       % of reads unmapped: too many mismatches |	0.00%
            Number of reads unmapped: too short |	73723
                 % of reads unmapped: too short |	71.18%
                Number of reads unmapped: other |	34
                     % of reads unmapped: other |	0.03%
                                  CHIMERIC READS:
                       Number of chimeric reads |	0
                            % of chimeric reads |	0.00%
