STAR version=2.7.10b
STAR compilation time,server,dir= :/Users/distiller/project/STARcompile/source
STAR git: On branch master ; commit c6f8efc2c7043ef83bf8b0d9bed36bbb6b9b1133 ; diff files: 
##### Command Line:
STAR --genomeDir results/genome_index --readFilesIn results/data/samples/KAPA_mRNA_HyperPrep_-UHRR-KAPA-100_ng_total_RNA-3_S8_L001_R1_001.fastq results/data/samples/KAPA_mRNA_HyperPrep_-UHRR-KAPA-100_ng_total_RNA-3_S8_L001_R2_001.fastq --outFileNamePrefix results/aligned/KAPA_mRNA_HyperPrep_-UHRR-KAPA-100_ng_total_RNA-3_S8_L001.bam --outSAMtype BAM SortedByCoordinate --runThreadN 4
##### Initial USER parameters from Command Line:
outFileNamePrefix                 results/aligned/KAPA_mRNA_HyperPrep_-UHRR-KAPA-100_ng_total_RNA-3_S8_L001.bam
###### All USER parameters from Command Line:
genomeDir                     results/genome_index     ~RE-DEFINED
readFilesIn                   results/data/samples/KAPA_mRNA_HyperPrep_-UHRR-KAPA-100_ng_total_RNA-3_S8_L001_R1_001.fastq   results/data/samples/KAPA_mRNA_HyperPrep_-UHRR-KAPA-100_ng_total_RNA-3_S8_L001_R2_001.fastq        ~RE-DEFINED
outFileNamePrefix             results/aligned/KAPA_mRNA_HyperPrep_-UHRR-KAPA-100_ng_total_RNA-3_S8_L001.bam     ~RE-DEFINED
outSAMtype                    BAM   SortedByCoordinate        ~RE-DEFINED
runThreadN                    4     ~RE-DEFINED
##### Finished reading parameters from all sources

##### Final user re-defined parameters-----------------:
runThreadN                        4
genomeDir                         results/genome_index
readFilesIn                       results/data/samples/KAPA_mRNA_HyperPrep_-UHRR-KAPA-100_ng_total_RNA-3_S8_L001_R1_001.fastq   results/data/samples/KAPA_mRNA_HyperPrep_-UHRR-KAPA-100_ng_total_RNA-3_S8_L001_R2_001.fastq   
outFileNamePrefix                 results/aligned/KAPA_mRNA_HyperPrep_-UHRR-KAPA-100_ng_total_RNA-3_S8_L001.bam
outSAMtype                        BAM   SortedByCoordinate   

-------------------------------
##### Final effective command line:
STAR   --runThreadN 4   --genomeDir results/genome_index   --readFilesIn results/data/samples/KAPA_mRNA_HyperPrep_-UHRR-KAPA-100_ng_total_RNA-3_S8_L001_R1_001.fastq   results/data/samples/KAPA_mRNA_HyperPrep_-UHRR-KAPA-100_ng_total_RNA-3_S8_L001_R2_001.fastq      --outFileNamePrefix results/aligned/KAPA_mRNA_HyperPrep_-UHRR-KAPA-100_ng_total_RNA-3_S8_L001.bam   --outSAMtype BAM   SortedByCoordinate   
----------------------------------------

Number of fastq files for each mate = 1
ParametersSolo: --soloCellFilterType CellRanger2.2 filtering parameters:  3000 0.99 10
WARNING: --limitBAMsortRAM=0, will use genome size as RAM limit for BAM sorting
Finished loading and checking parameters
Reading genome generation parameters:
### STAR   --runMode genomeGenerate      --runThreadN 4   --genomeDir results/genome_index   --genomeFastaFiles data/chr19_20Mb.fa      --sjdbGTFfile data/chr19_20Mb.gtf
### GstrandBit=32
versionGenome                 2.7.4a     ~RE-DEFINED
genomeType                    Full     ~RE-DEFINED
genomeFastaFiles              data/chr19_20Mb.fa        ~RE-DEFINED
genomeSAindexNbases           14     ~RE-DEFINED
genomeChrBinNbits             18     ~RE-DEFINED
genomeSAsparseD               1     ~RE-DEFINED
genomeTransformType           None     ~RE-DEFINED
genomeTransformVCF            -     ~RE-DEFINED
sjdbOverhang                  100     ~RE-DEFINED
sjdbFileChrStartEnd           -        ~RE-DEFINED
sjdbGTFfile                   data/chr19_20Mb.gtf     ~RE-DEFINED
sjdbGTFchrPrefix              -     ~RE-DEFINED
sjdbGTFfeatureExon            exon     ~RE-DEFINED
sjdbGTFtagExonParentTranscripttranscript_id     ~RE-DEFINED
sjdbGTFtagExonParentGene      gene_id     ~RE-DEFINED
sjdbInsertSave                Basic     ~RE-DEFINED
genomeFileSizes               20385083   165321753        ~RE-DEFINED
Genome version is compatible with current STAR
Number of real (reference) chromosomes= 1
1	chr19	19999999	0
--sjdbOverhang = 100 taken from the generated genome
Started loading the genome: Tue May  2 14:04:39 2023

Genome: size given as a parameter = 20385083
SA: size given as a parameter = 165321753
SAindex: size given as a parameter = 1
Read from SAindex: pGe.gSAindexNbases=14  nSAi=357913940
nGenome=20385083;  nSAbyte=165321753
GstrandBit=32   SA number of indices=40078000
Shared memory is not used for genomes. Allocated a private copy of the genome.
Genome file size: 20385083 bytes; state: good=1 eof=0 fail=0 bad=0
Loading Genome ... done! state: good=1 eof=0 fail=0 bad=0; loaded 20385083 bytes
SA file size: 165321753 bytes; state: good=1 eof=0 fail=0 bad=0
Loading SA ... done! state: good=1 eof=0 fail=0 bad=0; loaded 165321753 bytes
Loading SAindex ... done: 1565873619 bytes
Finished loading the genome: Tue May  2 14:04:40 2023

Sum of all Genome bytes: 31626061
Sum of all SA bytes: 15931218307
Sum of all SAi bytes: 152709204604
Processing splice junctions database sjdbN=995,   pGe.sjdbOverhang=100 
alignIntronMax=alignMatesGapMax=0, the max intron size will be approximately determined by (2^winBinNbits)*winAnchorDistNbins=589824
Created thread # 1
Created thread # 2
Created thread # 3
Thread #3 end of input stream, nextChar=-1
BAM sorting: 20834 mapped reads
BAM sorting bins genomic start loci:
1	0	424265
2	0	572601
3	0	579578
4	0	580660
5	0	581427
6	0	582745
7	0	583028
8	0	583214
9	0	620472
10	0	682735
11	0	799428
12	0	804851
13	0	807783
14	0	810737
15	0	811592
16	0	812042
17	0	852309
18	0	886149
19	0	972378
20	0	1009692
21	0	1020798
22	0	1036443
23	0	1038225
24	0	1046894
25	0	1080463
26	0	1088645
27	0	1105251
28	0	1106239
29	0	1147343
30	0	1241837
31	0	1257297
32	0	1269395
33	0	1272780
34	0	1364523
35	0	1399801
36	0	1422349
37	0	1432562
38	0	1438424
39	0	1440058
40	0	1440145
41	0	1440208
42	0	1440350
43	0	1556534
44	0	1590877
45	0	1611680
46	0	1815999
47	0	1909852
48	0	1980154
Completed: thread #3
Completed: thread #1
Completed: thread #2
Completed: thread #0
Joined thread # 1
Joined thread # 2
Joined thread # 3
May 02 14:04:47 ..... finished mapping
RAM after mapping:

RAM after freeing genome index memory:

May 02 14:04:47 ..... started sorting BAM
Max memory needed for sorting = 891265
ALL DONE!
