STAR version=2.7.10b
STAR compilation time,server,dir= :/Users/distiller/project/STARcompile/source
STAR git: On branch master ; commit c6f8efc2c7043ef83bf8b0d9bed36bbb6b9b1133 ; diff files: 
##### Command Line:
STAR --genomeDir results/genome_index --readFilesIn results/data/samples/KAPA_mRNA_HyperPrep_-HBR-KAPA-100_ng_total_RNA-2_S5_L001_R1_001.fastq results/data/samples/KAPA_mRNA_HyperPrep_-HBR-KAPA-100_ng_total_RNA-2_S5_L001_R2_001.fastq --outFileNamePrefix results/aligned/KAPA_mRNA_HyperPrep_-HBR-KAPA-100_ng_total_RNA-2_S5_L001.bam --outSAMtype BAM SortedByCoordinate --runThreadN 4
##### Initial USER parameters from Command Line:
outFileNamePrefix                 results/aligned/KAPA_mRNA_HyperPrep_-HBR-KAPA-100_ng_total_RNA-2_S5_L001.bam
###### All USER parameters from Command Line:
genomeDir                     results/genome_index     ~RE-DEFINED
readFilesIn                   results/data/samples/KAPA_mRNA_HyperPrep_-HBR-KAPA-100_ng_total_RNA-2_S5_L001_R1_001.fastq   results/data/samples/KAPA_mRNA_HyperPrep_-HBR-KAPA-100_ng_total_RNA-2_S5_L001_R2_001.fastq        ~RE-DEFINED
outFileNamePrefix             results/aligned/KAPA_mRNA_HyperPrep_-HBR-KAPA-100_ng_total_RNA-2_S5_L001.bam     ~RE-DEFINED
outSAMtype                    BAM   SortedByCoordinate        ~RE-DEFINED
runThreadN                    4     ~RE-DEFINED
##### Finished reading parameters from all sources

##### Final user re-defined parameters-----------------:
runThreadN                        4
genomeDir                         results/genome_index
readFilesIn                       results/data/samples/KAPA_mRNA_HyperPrep_-HBR-KAPA-100_ng_total_RNA-2_S5_L001_R1_001.fastq   results/data/samples/KAPA_mRNA_HyperPrep_-HBR-KAPA-100_ng_total_RNA-2_S5_L001_R2_001.fastq   
outFileNamePrefix                 results/aligned/KAPA_mRNA_HyperPrep_-HBR-KAPA-100_ng_total_RNA-2_S5_L001.bam
outSAMtype                        BAM   SortedByCoordinate   

-------------------------------
##### Final effective command line:
STAR   --runThreadN 4   --genomeDir results/genome_index   --readFilesIn results/data/samples/KAPA_mRNA_HyperPrep_-HBR-KAPA-100_ng_total_RNA-2_S5_L001_R1_001.fastq   results/data/samples/KAPA_mRNA_HyperPrep_-HBR-KAPA-100_ng_total_RNA-2_S5_L001_R2_001.fastq      --outFileNamePrefix results/aligned/KAPA_mRNA_HyperPrep_-HBR-KAPA-100_ng_total_RNA-2_S5_L001.bam   --outSAMtype BAM   SortedByCoordinate   
----------------------------------------

Number of fastq files for each mate = 1
ParametersSolo: --soloCellFilterType CellRanger2.2 filtering parameters:  3000 0.99 10
WARNING: --limitBAMsortRAM=0, will use genome size as RAM limit for BAM sorting
Finished loading and checking parameters
Reading genome generation parameters:
### STAR   --runMode genomeGenerate      --runThreadN 4   --genomeDir results/genome_index   --genomeFastaFiles data/chr19_20Mb.fa      --sjdbGTFfile data/chr19_20Mb.gtf
### GstrandBit=32
versionGenome                 2.7.4a     ~RE-DEFINED
genomeType                    Full     ~RE-DEFINED
genomeFastaFiles              data/chr19_20Mb.fa        ~RE-DEFINED
genomeSAindexNbases           14     ~RE-DEFINED
genomeChrBinNbits             18     ~RE-DEFINED
genomeSAsparseD               1     ~RE-DEFINED
genomeTransformType           None     ~RE-DEFINED
genomeTransformVCF            -     ~RE-DEFINED
sjdbOverhang                  100     ~RE-DEFINED
sjdbFileChrStartEnd           -        ~RE-DEFINED
sjdbGTFfile                   data/chr19_20Mb.gtf     ~RE-DEFINED
sjdbGTFchrPrefix              -     ~RE-DEFINED
sjdbGTFfeatureExon            exon     ~RE-DEFINED
sjdbGTFtagExonParentTranscripttranscript_id     ~RE-DEFINED
sjdbGTFtagExonParentGene      gene_id     ~RE-DEFINED
sjdbInsertSave                Basic     ~RE-DEFINED
genomeFileSizes               20385083   165321753        ~RE-DEFINED
Genome version is compatible with current STAR
Number of real (reference) chromosomes= 1
1	chr19	19999999	0
--sjdbOverhang = 100 taken from the generated genome
Started loading the genome: Tue May  2 14:04:17 2023

Genome: size given as a parameter = 20385083
SA: size given as a parameter = 165321753
SAindex: size given as a parameter = 1
Read from SAindex: pGe.gSAindexNbases=14  nSAi=357913940
nGenome=20385083;  nSAbyte=165321753
GstrandBit=32   SA number of indices=40078000
Shared memory is not used for genomes. Allocated a private copy of the genome.
Genome file size: 20385083 bytes; state: good=1 eof=0 fail=0 bad=0
Loading Genome ... done! state: good=1 eof=0 fail=0 bad=0; loaded 20385083 bytes
SA file size: 165321753 bytes; state: good=1 eof=0 fail=0 bad=0
Loading SA ... done! state: good=1 eof=0 fail=0 bad=0; loaded 165321753 bytes
Loading SAindex ... done: 1565873619 bytes
Finished loading the genome: Tue May  2 14:04:18 2023

Sum of all Genome bytes: 31626061
Sum of all SA bytes: 15931218307
Sum of all SAi bytes: 152709204604
Processing splice junctions database sjdbN=995,   pGe.sjdbOverhang=100 
alignIntronMax=alignMatesGapMax=0, the max intron size will be approximately determined by (2^winBinNbits)*winAnchorDistNbins=589824
Created thread # 1
Created thread # 2
Created thread # 3
Thread #2 end of input stream, nextChar=-1
Completed: thread #3
BAM sorting: 9713 mapped reads
BAM sorting bins genomic start loci:
1	0	416872
2	0	532100
3	0	572634
4	0	580655
5	0	582303
6	0	582894
7	0	583103
8	0	583350
9	0	610869
10	0	616767
11	0	664102
12	0	731092
13	0	746301
14	0	746739
15	0	747419
16	0	747831
17	0	804287
18	0	872043
19	0	994303
20	0	1051473
21	0	1091795
22	0	1105461
23	0	1105775
24	0	1106564
25	0	1221240
26	0	1244093
27	0	1258496
28	0	1270989
29	0	1272001
30	0	1272623
31	0	1272978
32	0	1321997
33	0	1376660
34	0	1394831
35	0	1426797
36	0	1438861
37	0	1440174
38	0	1440344
39	0	1467222
40	0	1471234
41	0	1472895
42	0	1576828
43	0	1598141
44	0	1819112
45	0	1877073
46	0	1917780
47	0	1980220
48	0	1986531
Completed: thread #2
Completed: thread #1
Completed: thread #0
Joined thread # 1
Joined thread # 2
Joined thread # 3
May 02 14:04:24 ..... finished mapping
RAM after mapping:

RAM after freeing genome index memory:

May 02 14:04:24 ..... started sorting BAM
Max memory needed for sorting = 555627
ALL DONE!
