                                 Started job on |	May 02 14:04:25
                             Started mapping on |	May 02 14:04:25
                                    Finished on |	May 02 14:04:32
       Mapping speed, Million of reads per hour |	54.58

                          Number of input reads |	106123
                      Average input read length |	285
                                    UNIQUE READS:
                   Uniquely mapped reads number |	31582
                        Uniquely mapped reads % |	29.76%
                          Average mapped length |	278.91
                       Number of splices: Total |	28908
            Number of splices: Annotated (sjdb) |	15771
                       Number of splices: GT/AG |	12917
                       Number of splices: GC/AG |	76
                       Number of splices: AT/AC |	61
               Number of splices: Non-canonical |	15854
                      Mismatch rate per base, % |	0.39%
                         Deletion rate per base |	0.01%
                        Deletion average length |	1.67
                        Insertion rate per base |	0.01%
                       Insertion average length |	1.31
                             MULTI-MAPPING READS:
        Number of reads mapped to multiple loci |	831
             % of reads mapped to multiple loci |	0.78%
        Number of reads mapped to too many loci |	21
             % of reads mapped to too many loci |	0.02%
                                  UNMAPPED READS:
  Number of reads unmapped: too many mismatches |	0
       % of reads unmapped: too many mismatches |	0.00%
            Number of reads unmapped: too short |	73649
                 % of reads unmapped: too short |	69.40%
                Number of reads unmapped: other |	40
                     % of reads unmapped: other |	0.04%
                                  CHIMERIC READS:
                       Number of chimeric reads |	0
                            % of chimeric reads |	0.00%
